0 info it worked if it ends with ok
1 verbose cli [ '/usr/local/bin/node',
1 verbose cli   '/usr/local/bin/npm',
1 verbose cli   'install',
1 verbose cli   '-g',
1 verbose cli   'hexo-cli' ]
2 info using npm@3.8.9
3 info using node@v6.2.0
4 silly loadCurrentTree Starting
5 silly install loadCurrentTree
6 silly install readGlobalPackageData
7 silly fetchPackageMetaData hexo-cli
8 silly fetchNamedPackageData hexo-cli
9 silly mapToRegistry name hexo-cli
10 silly mapToRegistry using default registry
11 silly mapToRegistry registry http://registry.cnpmjs.org/
12 silly mapToRegistry data Result {
12 silly mapToRegistry   raw: 'hexo-cli',
12 silly mapToRegistry   scope: null,
12 silly mapToRegistry   name: 'hexo-cli',
12 silly mapToRegistry   rawSpec: '',
12 silly mapToRegistry   spec: 'latest',
12 silly mapToRegistry   type: 'tag' }
13 silly mapToRegistry uri http://registry.cnpmjs.org/hexo-cli
14 verbose request uri http://registry.cnpmjs.org/hexo-cli
15 verbose request no auth needed
16 info attempt registry request try #1 at 5:34:21 PM
17 verbose request id c1fe627ad4112928
18 http request GET http://registry.cnpmjs.org/hexo-cli
19 http 200 http://registry.cnpmjs.org/hexo-cli
20 verbose headers { server: 'nginx/1.4.6 (Ubuntu)',
20 verbose headers   date: 'Tue, 26 Dec 2017 09:34:21 GMT',
20 verbose headers   'content-type': 'application/json; charset=utf-8',
20 verbose headers   'transfer-encoding': 'chunked',
20 verbose headers   connection: 'keep-alive',
20 verbose headers   'x-current-requests': '1',
20 verbose headers   'x-readtime': '15',
20 verbose headers   'strict-transport-security': 'max-age=15768000',
20 verbose headers   'content-encoding': 'gzip' }
21 silly get cb [ 200,
21 silly get   { server: 'nginx/1.4.6 (Ubuntu)',
21 silly get     date: 'Tue, 26 Dec 2017 09:34:21 GMT',
21 silly get     'content-type': 'application/json; charset=utf-8',
21 silly get     'transfer-encoding': 'chunked',
21 silly get     connection: 'keep-alive',
21 silly get     'x-current-requests': '1',
21 silly get     'x-readtime': '15',
21 silly get     'strict-transport-security': 'max-age=15768000',
21 silly get     'content-encoding': 'gzip' } ]
22 verbose get saving hexo-cli to /Users/songbo/.npm/registry.cnpmjs.org/hexo-cli/.cache.json
23 verbose correctMkdir /Users/songbo/.npm correctMkdir not in flight; initializing
24 silly install normalizeTree
25 silly loadCurrentTree Finishing
26 silly loadIdealTree Starting
27 silly install loadIdealTree
28 silly cloneCurrentTree Starting
29 silly install cloneCurrentTreeToIdealTree
30 silly cloneCurrentTree Finishing
31 silly loadShrinkwrap Starting
32 silly install loadShrinkwrap
33 silly loadShrinkwrap Finishing
34 silly loadAllDepsIntoIdealTree Starting
35 silly install loadAllDepsIntoIdealTree
36 silly resolveWithNewModule hexo-cli@1.0.4 checking installable status
37 silly cache add args [ 'hexo-cli', null ]
38 verbose cache add spec hexo-cli
39 silly cache add parsed spec Result {
39 silly cache add   raw: 'hexo-cli',
39 silly cache add   scope: null,
39 silly cache add   name: 'hexo-cli',
39 silly cache add   rawSpec: '',
39 silly cache add   spec: 'latest',
39 silly cache add   type: 'tag' }
40 silly addNamed hexo-cli@latest
41 verbose addNamed "latest" is being treated as a dist-tag for hexo-cli
42 info addNameTag [ 'hexo-cli', 'latest' ]
43 silly mapToRegistry name hexo-cli
44 silly mapToRegistry using default registry
45 silly mapToRegistry registry http://registry.cnpmjs.org/
46 silly mapToRegistry data Result {
46 silly mapToRegistry   raw: 'hexo-cli',
46 silly mapToRegistry   scope: null,
46 silly mapToRegistry   name: 'hexo-cli',
46 silly mapToRegistry   rawSpec: '',
46 silly mapToRegistry   spec: 'latest',
46 silly mapToRegistry   type: 'tag' }
47 silly mapToRegistry uri http://registry.cnpmjs.org/hexo-cli
48 verbose addNameTag registry:http://registry.cnpmjs.org/hexo-cli not in flight; fetching
49 verbose get http://registry.cnpmjs.org/hexo-cli not expired, no request
50 silly addNameTag next cb for hexo-cli with tag latest
51 silly addNamed hexo-cli@1.0.4
52 verbose addNamed "1.0.4" is a plain semver version for hexo-cli
53 silly mapToRegistry name hexo-cli
54 silly mapToRegistry using default registry
55 silly mapToRegistry registry http://registry.cnpmjs.org/
56 silly mapToRegistry data Result {
56 silly mapToRegistry   raw: 'hexo-cli',
56 silly mapToRegistry   scope: null,
56 silly mapToRegistry   name: 'hexo-cli',
56 silly mapToRegistry   rawSpec: '',
56 silly mapToRegistry   spec: 'latest',
56 silly mapToRegistry   type: 'tag' }
57 silly mapToRegistry uri http://registry.cnpmjs.org/hexo-cli
58 verbose addRemoteTarball http://r.cnpmjs.org/hexo-cli/download/hexo-cli-1.0.4.tgz not in flight; adding
59 verbose addRemoteTarball [ 'http://r.cnpmjs.org/hexo-cli/download/hexo-cli-1.0.4.tgz',
59 verbose addRemoteTarball   'c8f1421ec24209d8ffc7bfeea496ab99f34191e1' ]
60 info retry fetch attempt 1 at 5:34:21 PM
61 info attempt registry request try #1 at 5:34:21 PM
62 http fetch GET http://r.cnpmjs.org/hexo-cli/download/hexo-cli-1.0.4.tgz
63 info retry will retry, error on last attempt: Error: socket hang up
64 info attempt registry request try #2 at 5:35:32 PM
65 http fetch GET http://r.cnpmjs.org/hexo-cli/download/hexo-cli-1.0.4.tgz
66 info retry will retry, error on last attempt: Error: socket hang up
67 info attempt registry request try #3 at 5:37:32 PM
68 http fetch GET http://r.cnpmjs.org/hexo-cli/download/hexo-cli-1.0.4.tgz
69 error fetch failed http://r.cnpmjs.org/hexo-cli/download/hexo-cli-1.0.4.tgz
70 warn retry will retry, error on last attempt: Error: socket hang up
71 info retry fetch attempt 2 at 5:38:42 PM
72 info attempt registry request try #1 at 5:38:42 PM
73 http fetch GET http://r.cnpmjs.org/hexo-cli/download/hexo-cli-1.0.4.tgz
74 info retry will retry, error on last attempt: Error: socket hang up
75 info attempt registry request try #2 at 5:39:53 PM
76 http fetch GET http://r.cnpmjs.org/hexo-cli/download/hexo-cli-1.0.4.tgz
77 info retry will retry, error on last attempt: Error: socket hang up
78 info attempt registry request try #3 at 5:41:53 PM
79 http fetch GET http://r.cnpmjs.org/hexo-cli/download/hexo-cli-1.0.4.tgz
80 error fetch failed http://r.cnpmjs.org/hexo-cli/download/hexo-cli-1.0.4.tgz
81 warn retry will retry, error on last attempt: Error: socket hang up
82 info retry fetch attempt 3 at 5:43:53 PM
83 info attempt registry request try #1 at 5:43:53 PM
84 http fetch GET http://r.cnpmjs.org/hexo-cli/download/hexo-cli-1.0.4.tgz
85 info retry will retry, error on last attempt: Error: socket hang up
86 info attempt registry request try #2 at 5:45:04 PM
87 http fetch GET http://r.cnpmjs.org/hexo-cli/download/hexo-cli-1.0.4.tgz
88 info retry will retry, error on last attempt: Error: socket hang up
89 info attempt registry request try #3 at 5:47:04 PM
90 http fetch GET http://r.cnpmjs.org/hexo-cli/download/hexo-cli-1.0.4.tgz
91 error fetch failed http://r.cnpmjs.org/hexo-cli/download/hexo-cli-1.0.4.tgz
92 silly rollbackFailedOptional Starting
93 silly rollbackFailedOptional Finishing
94 silly runTopLevelLifecycles Starting
95 silly runTopLevelLifecycles Finishing
96 silly install printInstalled
97 verbose stack Error: socket hang up
97 verbose stack     at TLSSocket.onHangUp (_tls_wrap.js:1087:19)
97 verbose stack     at TLSSocket.g (events.js:286:16)
97 verbose stack     at emitNone (events.js:91:20)
97 verbose stack     at TLSSocket.emit (events.js:185:7)
97 verbose stack     at endReadableNT (_stream_readable.js:926:12)
97 verbose stack     at _combinedTickCallback (internal/process/next_tick.js:74:11)
97 verbose stack     at process._tickCallback (internal/process/next_tick.js:98:9)
98 verbose cwd /Users/songbo/bosong.github.io
99 error Darwin 17.2.0
100 error argv "/usr/local/bin/node" "/usr/local/bin/npm" "install" "-g" "hexo-cli"
101 error node v6.2.0
102 error npm  v3.8.9
103 error code ECONNRESET
104 error network socket hang up
105 error network This is most likely not a problem with npm itself
105 error network and is related to network connectivity.
105 error network In most cases you are behind a proxy or have bad network settings.
105 error network
105 error network If you are behind a proxy, please make sure that the
105 error network 'proxy' config is set properly.  See: 'npm help config'
106 verbose exit [ 1, true ]
